* Starting client
* Connecting to master process on port 11818
* Analyzing classpath: 
  - /home/organisys/Área de Trabalho/projeto-ufjf/target/test-classes
  - /home/organisys/Área de Trabalho/projeto-ufjf/target/classes
  - /home/organisys/.m2/repository/junit/junit/3.8.1/junit-3.8.1.jar
* Finished analyzing classpath
* Generating tests for class ufjf.br.Calculadora
* Test criteria:
  - Line Coverage
  - Branch Coverage
  - Exception
  - Mutation testing (weak)
  - Method-Output Coverage
  - Top-Level Method Coverage
  - No-Exception Top-Level Method Coverage
  - Context Branch Coverage
* Setting up search algorithm for whole suite generation
[MASTER] 13:13:42.795 [pool-2-thread-1] WARN  TestSuiteSerialization - Cannot load tests because file does not exist: /home/organisys/Área de Trabalho/projeto-ufjf/.evosuite/evosuite-seeds/ufjf.br.Calculadora.seed
* Loaded 0 tests from /home/organisys/Área de Trabalho/projeto-ufjf/.evosuite/evosuite-seeds/ufjf.br.Calculadora.seed
* Total number of test goals: 
  - Line 10
  - Branch 10
  - Exception 0
  - MutationFactory 104
  - Output 24
  - Method 9
  - MethodNoException 9
  - CBranchFitnessFactory 10
* Using seed 1726848821585
* Starting evolution
* Search finished after 1s and 1 generations, 2605 statements, best individual has fitness: 0.3333333333333333
* Writing sequences to pool
* Minimizing test suite
* Going to analyze the coverage criteria
* Coverage analysis for criterion LINE
* Coverage of criterion LINE: 100%
* Total number of goals: 10
* Number of covered goals: 10
* Coverage analysis for criterion BRANCH
* Coverage of criterion BRANCH: 100%
* Total number of goals: 10
* Number of covered goals: 10
* Coverage analysis for criterion EXCEPTION
* Coverage of criterion EXCEPTION: 100%
* Total number of goals: 2
* Number of covered goals: 2
* Coverage analysis for criterion WEAKMUTATION
* Coverage of criterion WEAKMUTATION: 100%
* Total number of goals: 104
* Number of covered goals: 104
* Coverage analysis for criterion OUTPUT
* Coverage of criterion OUTPUT: 100%
* Total number of goals: 24
* Number of covered goals: 24
* Coverage analysis for criterion METHOD
* Coverage of criterion METHOD: 100%
* Total number of goals: 9
* Number of covered goals: 9
* Coverage analysis for criterion METHODNOEXCEPTION
* Coverage of criterion METHODNOEXCEPTION: 100%
* Total number of goals: 9
* Number of covered goals: 9
* Coverage analysis for criterion CBRANCH
* Coverage of criterion CBRANCH: 100%
* Total number of goals: 10
* Number of covered goals: 10
* Generated 26 tests with total length 52
* Resulting test suite's coverage: 100% (average coverage for all fitness functions)
* Generating assertions
* Resulting test suite's mutation score: 97%
* Compiling and checking tests
* Writing JUnit test case 'Calculadora_ESTest' to /home/organisys/Área de Trabalho/projeto-ufjf/.evosuite/tmp_2024_09_20_13_13_40/tests
* Done!

